app/build/intermediates/manifest_merge_blame_file/debug/manifest-merger-blame-debug-report.txt
1<?xml version="1.0" encoding="utf-8"?>
2<manifest xmlns:andrid="http://schemas.android.com/apk/distribution"
3    xmlns:android="http://schemas.android.com/apk/res/android"
4    package="com.example.accounts"
5    android:versionCode="1"
6    android:versionName="1.0" >
7
8    <uses-sdk
9        android:minSdkVersion="28"
9-->src\main\AndroidManifest.xml
10        android:targetSdkVersion="34" />
10-->src\main\AndroidManifest.xml
11
12    <uses-permission android:name="android.permission.READ_EXTERNAL_STORAGE" />
12-->src\main\AndroidManifest.xml:6:5-80
12-->src\main\AndroidManifest.xml:6:22-77
13    <uses-permission android:name="android.permission.WRITE_EXTERNAL_STORAGE" />
13-->src\main\AndroidManifest.xml:7:5-81
13-->src\main\AndroidManifest.xml:7:22-78
14
15    <permission
15-->[androidx.core:core:1.9.0] AndroidManifest.xml:22:5-24:47
16        android:name="com.example.accounts.DYNAMIC_RECEIVER_NOT_EXPORTED_PERMISSION"
16-->[androidx.core:core:1.9.0] AndroidManifest.xml:23:9-81
17        android:protectionLevel="signature" />
17-->[androidx.core:core:1.9.0] AndroidManifest.xml:24:9-44
18
19    <uses-permission android:name="com.example.accounts.DYNAMIC_RECEIVER_NOT_EXPORTED_PERMISSION" />
19-->[androidx.core:core:1.9.0] AndroidManifest.xml:26:5-97
19-->[androidx.core:core:1.9.0] AndroidManifest.xml:26:22-94
20
21    <application
21-->src\main\AndroidManifest.xml:9:5-55:19
22        android:name="com.example.accounts.UniteApp"
22-->src\main\AndroidManifest.xml:10:9-33
23        android:allowBackup="true"
23-->src\main\AndroidManifest.xml:11:9-35
24        android:appComponentFactory="androidx.core.app.CoreComponentFactory"
24-->[androidx.core:core:1.9.0] AndroidManifest.xml:28:18-86
25        android:dataExtractionRules="@xml/data_extraction_rules"
25-->src\main\AndroidManifest.xml:12:9-65
26        android:debuggable="true"
27        android:extractNativeLibs="false"
28        android:fullBackupContent="@xml/backup_rules"
28-->src\main\AndroidManifest.xml:13:9-54
29        android:icon="@drawable/icon"
29-->src\main\AndroidManifest.xml:14:9-38
30        android:label="@string/app_name"
30-->src\main\AndroidManifest.xml:15:9-41
31        android:supportsRtl="true"
31-->src\main\AndroidManifest.xml:16:9-35
32        android:testOnly="true"
33        android:theme="@style/AppTheme" >
33-->src\main\AndroidManifest.xml:17:9-40
34        <activity
34-->src\main\AndroidManifest.xml:19:9-21:40
35            android:name="com.example.accounts.HistoryActivity"
35-->src\main\AndroidManifest.xml:20:13-44
36            android:exported="false" />
36-->src\main\AndroidManifest.xml:21:13-37
37        <activity
37-->src\main\AndroidManifest.xml:22:9-24:40
38            android:name="com.example.accounts.ChartActivity"
38-->src\main\AndroidManifest.xml:23:13-42
39            android:exported="false" />
39-->src\main\AndroidManifest.xml:24:13-37
40        <activity
40-->src\main\AndroidManifest.xml:25:9-27:40
41            android:name="com.example.accounts.MainActivity"
41-->src\main\AndroidManifest.xml:26:13-41
42            android:exported="false" />
42-->src\main\AndroidManifest.xml:27:13-37
43        <activity
43-->src\main\AndroidManifest.xml:28:9-30:40
44            android:name="com.example.accounts.SearchActivity"
44-->src\main\AndroidManifest.xml:29:13-43
45            android:exported="false" /> <!-- <activity -->
45-->src\main\AndroidManifest.xml:30:13-37
46        <!-- android:name="." -->
47        <!-- android:exported="false" /> -->
48        <activity
48-->src\main\AndroidManifest.xml:33:9-35:40
49            android:name="com.example.accounts.RecordActivity"
49-->src\main\AndroidManifest.xml:34:13-43
50            android:exported="false" />
50-->src\main\AndroidManifest.xml:35:13-37
51        <activity
51-->src\main\AndroidManifest.xml:36:9-38:61
52            android:name="com.example.accounts.utils.login"
52-->src\main\AndroidManifest.xml:37:13-40
53            android:theme="@style/AppTheme.WithActionBar" />
53-->src\main\AndroidManifest.xml:38:13-58
54        <activity
54-->src\main\AndroidManifest.xml:39:9-41:40
55            android:name="com.example.accounts.SettingsActivity"
55-->src\main\AndroidManifest.xml:40:13-45
56            android:exported="false" />
56-->src\main\AndroidManifest.xml:41:13-37
57        <activity
57-->src\main\AndroidManifest.xml:42:9-44:40
58            android:name="com.example.accounts.AboutActivity"
58-->src\main\AndroidManifest.xml:43:13-42
59            android:exported="false" />
59-->src\main\AndroidManifest.xml:44:13-37
60        <activity
60-->src\main\AndroidManifest.xml:45:9-54:20
61            android:name="com.example.accounts.userActivity"
61-->src\main\AndroidManifest.xml:46:13-41
62            android:exported="true"
62-->src\main\AndroidManifest.xml:47:13-36
63            android:theme="@style/AppTheme.WithActionBar" >
63-->src\main\AndroidManifest.xml:48:13-58
64            <intent-filter>
64-->src\main\AndroidManifest.xml:49:13-53:29
65                <action android:name="android.intent.action.MAIN" />
65-->src\main\AndroidManifest.xml:50:17-69
65-->src\main\AndroidManifest.xml:50:25-66
66
67                <category android:name="android.intent.category.LAUNCHER" />
67-->src\main\AndroidManifest.xml:52:17-77
67-->src\main\AndroidManifest.xml:52:27-74
68            </intent-filter>
69        </activity>
70
71        <provider
71-->[androidx.emoji2:emoji2:1.2.0] AndroidManifest.xml:24:9-32:20
72            android:name="androidx.startup.InitializationProvider"
72-->[androidx.emoji2:emoji2:1.2.0] AndroidManifest.xml:25:13-67
73            android:authorities="com.example.accounts.androidx-startup"
73-->[androidx.emoji2:emoji2:1.2.0] AndroidManifest.xml:26:13-68
74            android:exported="false" >
74-->[androidx.emoji2:emoji2:1.2.0] AndroidManifest.xml:27:13-37
75            <meta-data
75-->[androidx.emoji2:emoji2:1.2.0] AndroidManifest.xml:29:13-31:52
76                android:name="androidx.emoji2.text.EmojiCompatInitializer"
76-->[androidx.emoji2:emoji2:1.2.0] AndroidManifest.xml:30:17-75
77                android:value="androidx.startup" />
77-->[androidx.emoji2:emoji2:1.2.0] AndroidManifest.xml:31:17-49
78            <meta-data
78-->[androidx.lifecycle:lifecycle-process:2.4.1] AndroidManifest.xml:31:13-33:52
79                android:name="androidx.lifecycle.ProcessLifecycleInitializer"
79-->[androidx.lifecycle:lifecycle-process:2.4.1] AndroidManifest.xml:32:17-78
80                android:value="androidx.startup" />
80-->[androidx.lifecycle:lifecycle-process:2.4.1] AndroidManifest.xml:33:17-49
81        </provider>
82    </application>
83
84</manifest>